=========================
Fcitx 5.1.9 -- Get Signal No.: 6
Date: try "date -d @1716431700" if you are using GNU date ***
ProcessID: 212326
fcitx5(+0xe26c)[0x60685c88726c]
/usr/lib/libc.so.6(+0x3cae0)[0x768657650ae0]
/usr/lib/libc.so.6(+0x94e44)[0x7686576a8e44]
/usr/lib/libc.so.6(gsignal+0x20)[0x768657650a30]
/usr/lib/libc.so.6(abort+0xdf)[0x7686576384c3]
/usr/lib/libstdc++.so.6(_ZNSt6chrono3_V212system_clock3nowEv+0x0)[0x7686578d2d60]
/usr/lib/fcitx5/libwaylandim.so(+0x25029)[0x768655c58029]
/usr/lib/fcitx5/libwaylandim.so(+0x3302f)[0x768655c6602f]
/usr/lib/libffi.so.8(+0x7596)[0x76865721b596]
/usr/lib/libffi.so.8(+0x400e)[0x76865721800e]
/usr/lib/libffi.so.8(ffi_call+0x123)[0x76865721abd3]
/usr/lib/libwayland-client.so.0(+0x7645)[0x768657a91645]
/usr/lib/libwayland-client.so.0(+0x7e73)[0x768657a91e73]
/usr/lib/libwayland-client.so.0(wl_display_dispatch_queue_pending+0x7c)[0x768657a9213c]
/usr/lib/fcitx5/libwayland.so(+0x1e5ca)[0x768656be25ca]
/usr/lib/libFcitx5Utils.so.2(+0x382af)[0x768657c262af]
/usr/lib/libFcitx5Utils.so.2(+0x2fc11)[0x768657c1dc11]
/usr/lib/libsystemd.so.0(+0x8459a)[0x7686575aa59a]
/usr/lib/libsystemd.so.0(sd_event_dispatch+0x13b)[0x7686575aa90b]
/usr/lib/libsystemd.so.0(sd_event_run+0x119)[0x7686575acf29]
/usr/lib/libsystemd.so.0(sd_event_loop+0x68)[0x7686575ad108]
/usr/lib/libFcitx5Utils.so.2(_ZN5fcitx9EventLoop4execEv+0x16)[0x768657c1c166]
/usr/lib/libFcitx5Core.so.7(_ZN5fcitx8Instance4execEv+0x5c)[0x768657cf258c]
fcitx5(+0xc660)[0x60685c885660]
/usr/lib/libc.so.6(+0x25c88)[0x768657639c88]
/usr/lib/libc.so.6(__libc_start_main+0x8c)[0x768657639d4c]
fcitx5(+0xdaf5)[0x60685c886af5]
